<?xml version="1.0" encoding="UTF-8"?>
<!-- Generated by org.testng.reporters.JUnitReportReporter -->
<testsuite hostname="DESKTOP-3SNRJKF" failures="0" tests="2" name="Testcases.ResultsPageTest" time="5.445" errors="0" timestamp="2022-09-18T16:05:58 IST" skipped="0">
  <testcase classname="Testcases.ResultsPageTest" name="checkPriceTest" time="0.094"/>
  <system-out/>
  <testcase classname="Testcases.ResultsPageTest" name="openProductPageTest" time="5.351"/>
  <system-out/>
</testsuite> <!-- Testcases.ResultsPageTest -->
