<?xml version="1.0" encoding="UTF-8"?>
<!-- Generated by org.testng.reporters.JUnitReportReporter -->
<testsuite hostname="DESKTOP-3SNRJKF" failures="0" tests="2" name="Testcases.HomePageTest" time="9.098" errors="0" timestamp="2022-09-18T16:39:37 IST" skipped="0">
  <testcase classname="Testcases.HomePageTest" name="checkAllDropDownTest" time="6.529"/>
  <system-out/>
  <testcase classname="Testcases.HomePageTest" name="enterItemNameTest" time="2.569"/>
  <system-out/>
</testsuite> <!-- Testcases.HomePageTest -->
