<?xml version="1.0" encoding="UTF-8"?>
<!-- Generated by org.testng.reporters.JUnitReportReporter -->
<testsuite hostname="DESKTOP-3SNRJKF" failures="0" tests="6" name="Testcases.LoginTest" time="5.938" errors="1" timestamp="2022-09-19T15:13:30 IST" skipped="0">
  <testcase classname="Testcases.LoginTest" name="checkHomePageNameTest" time="0.176"/>
  <system-out/>
  <testcase classname="Testcases.LoginTest" name="checkSignInButtonTest" time="1.206"/>
  <system-out/>
  <testcase classname="Testcases.LoginTest" name="checkSignInPageTest" time="0.135"/>
  <system-out/>
  <testcase classname="Testcases.LoginTest" name="checkSignInHeaderTest" time="0.036"/>
  <system-out/>
  <testcase classname="Testcases.LoginTest" name="enterInavlidUsernameTest" time="1.042"/>
  <system-out/>
  <testcase classname="Testcases.LoginTest" name="enterInavlidPasswordTest" time="3.343">
    <error message="stale element reference: element is not attached to the page document
  (Session info: MicrosoftEdge=105.0.1343.42)
For documentation on this error, please visit: https://selenium.dev/exceptions/#stale_element_reference
Build info: version: &#039;4.1.4&#039;, revision: &#039;535d840ee2&#039;
System info: host: &#039;DESKTOP-3SNRJKF&#039;, ip: &#039;192.168.0.197&#039;, os.name: &#039;Windows 10&#039;, os.arch: &#039;amd64&#039;, os.version: &#039;10.0&#039;, java.version: &#039;17.0.4.1&#039;
Driver info: org.openqa.selenium.edge.EdgeDriver
Command: [4fe2840e7ffe16bee66a5473696b07cc, getElementText {id=e8698446-fbec-4ea1-adbb-ccd6ecde945e}]
Capabilities {acceptInsecureCerts: false, browserName: msedge, browserVersion: 105.0.1343.42, javascriptEnabled: true, ms:edgeOptions: {debuggerAddress: localhost:49912}, msedge: {msedgedriverVersion: 105.0.1343.42 (a7d028ad8493..., userDataDir: C:\Users\Dank\AppData\Local...}, networkConnectionEnabled: false, pageLoadStrategy: normal, platform: WINDOWS, platformName: WINDOWS, proxy: Proxy(), se:cdp: ws://localhost:49912/devtoo..., se:cdpVersion: 105.0.1343.42, setWindowRect: true, strictFileInteractability: false, timeouts: {implicit: 0, pageLoad: 300000, script: 30000}, unhandledPromptBehavior: dismiss and notify, webauthn:extension:credBlob: true, webauthn:extension:largeBlob: true, webauthn:virtualAuthenticators: true}
Element: [[EdgeDriver: msedge on WINDOWS (4fe2840e7ffe16bee66a5473696b07cc)] -&gt; css selector: h4.a-alert-heading]
Session ID: 4fe2840e7ffe16bee66a5473696b07cc" type="org.openqa.selenium.StaleElementReferenceException">
      <![CDATA[org.openqa.selenium.StaleElementReferenceException: stale element reference: element is not attached to the page document
  (Session info: MicrosoftEdge=105.0.1343.42)
For documentation on this error, please visit: https://selenium.dev/exceptions/#stale_element_reference
Build info: version: '4.1.4', revision: '535d840ee2'
System info: host: 'DESKTOP-3SNRJKF', ip: '192.168.0.197', os.name: 'Windows 10', os.arch: 'amd64', os.version: '10.0', java.version: '17.0.4.1'
Driver info: org.openqa.selenium.edge.EdgeDriver
Command: [4fe2840e7ffe16bee66a5473696b07cc, getElementText {id=e8698446-fbec-4ea1-adbb-ccd6ecde945e}]
Capabilities {acceptInsecureCerts: false, browserName: msedge, browserVersion: 105.0.1343.42, javascriptEnabled: true, ms:edgeOptions: {debuggerAddress: localhost:49912}, msedge: {msedgedriverVersion: 105.0.1343.42 (a7d028ad8493..., userDataDir: C:\Users\Dank\AppData\Local...}, networkConnectionEnabled: false, pageLoadStrategy: normal, platform: WINDOWS, platformName: WINDOWS, proxy: Proxy(), se:cdp: ws://localhost:49912/devtoo..., se:cdpVersion: 105.0.1343.42, setWindowRect: true, strictFileInteractability: false, timeouts: {implicit: 0, pageLoad: 300000, script: 30000}, unhandledPromptBehavior: dismiss and notify, webauthn:extension:credBlob: true, webauthn:extension:largeBlob: true, webauthn:virtualAuthenticators: true}
Element: [[EdgeDriver: msedge on WINDOWS (4fe2840e7ffe16bee66a5473696b07cc)] -> css selector: h4.a-alert-heading]
Session ID: 4fe2840e7ffe16bee66a5473696b07cc
at java.base/jdk.internal.reflect.NativeConstructorAccessorImpl.newInstance0(Native Method)
at java.base/jdk.internal.reflect.NativeConstructorAccessorImpl.newInstance(NativeConstructorAccessorImpl.java:77)
at java.base/jdk.internal.reflect.DelegatingConstructorAccessorImpl.newInstance(DelegatingConstructorAccessorImpl.java:45)
at java.base/java.lang.reflect.Constructor.newInstanceWithCaller(Constructor.java:499)
at java.base/java.lang.reflect.Constructor.newInstance(Constructor.java:480)
at org.openqa.selenium.remote.codec.w3c.W3CHttpResponseCodec.createException(W3CHttpResponseCodec.java:200)
at org.openqa.selenium.remote.codec.w3c.W3CHttpResponseCodec.decode(W3CHttpResponseCodec.java:133)
at org.openqa.selenium.remote.codec.w3c.W3CHttpResponseCodec.decode(W3CHttpResponseCodec.java:53)
at org.openqa.selenium.remote.HttpCommandExecutor.execute(HttpCommandExecutor.java:184)
at org.openqa.selenium.remote.service.DriverCommandExecutor.invokeExecute(DriverCommandExecutor.java:167)
at org.openqa.selenium.remote.service.DriverCommandExecutor.execute(DriverCommandExecutor.java:142)
at org.openqa.selenium.remote.RemoteWebDriver.execute(RemoteWebDriver.java:567)
at org.openqa.selenium.remote.RemoteWebElement.execute(RemoteWebElement.java:251)
at org.openqa.selenium.remote.RemoteWebElement.getText(RemoteWebElement.java:201)
at PageObjects.LoginPage.invalidPasswordText(LoginPage.java:128)
at Testcases.LoginTest.enterInavlidPasswordTest(LoginTest.java:65)
at java.base/jdk.internal.reflect.NativeMethodAccessorImpl.invoke0(Native Method)
at java.base/jdk.internal.reflect.NativeMethodAccessorImpl.invoke(NativeMethodAccessorImpl.java:77)
at java.base/jdk.internal.reflect.DelegatingMethodAccessorImpl.invoke(DelegatingMethodAccessorImpl.java:43)
at java.base/java.lang.reflect.Method.invoke(Method.java:568)
at org.testng.internal.invokers.MethodInvocationHelper.invokeMethod(MethodInvocationHelper.java:135)
at org.testng.internal.invokers.TestInvoker.invokeMethod(TestInvoker.java:673)
at org.testng.internal.invokers.TestInvoker.invokeTestMethod(TestInvoker.java:220)
at org.testng.internal.invokers.MethodRunner.runInSequence(MethodRunner.java:50)
at org.testng.internal.invokers.TestInvoker$MethodInvocationAgent.invoke(TestInvoker.java:945)
at org.testng.internal.invokers.TestInvoker.invokeTestMethods(TestInvoker.java:193)
at org.testng.internal.invokers.TestMethodWorker.invokeTestMethods(TestMethodWorker.java:146)
at org.testng.internal.invokers.TestMethodWorker.run(TestMethodWorker.java:128)
at java.base/java.util.ArrayList.forEach(ArrayList.java:1511)
at org.testng.TestRunner.privateRun(TestRunner.java:808)
at org.testng.TestRunner.run(TestRunner.java:603)
at org.testng.SuiteRunner.runTest(SuiteRunner.java:429)
at org.testng.SuiteRunner.runSequentially(SuiteRunner.java:423)
at org.testng.SuiteRunner.privateRun(SuiteRunner.java:383)
at org.testng.SuiteRunner.run(SuiteRunner.java:326)
at org.testng.SuiteRunnerWorker.runSuite(SuiteRunnerWorker.java:52)
at org.testng.SuiteRunnerWorker.run(SuiteRunnerWorker.java:95)
at org.testng.TestNG.runSuitesSequentially(TestNG.java:1249)
at org.testng.TestNG.runSuitesLocally(TestNG.java:1169)
at org.testng.TestNG.runSuites(TestNG.java:1092)
at org.testng.TestNG.run(TestNG.java:1060)
at org.testng.remote.AbstractRemoteTestNG.run(AbstractRemoteTestNG.java:115)
at org.testng.remote.RemoteTestNG.initAndRun(RemoteTestNG.java:251)
at org.testng.remote.RemoteTestNG.main(RemoteTestNG.java:77)
]]>
    </error>
  </testcase> <!-- enterInavlidPasswordTest -->
  <system-out/>
</testsuite> <!-- Testcases.LoginTest -->
