<?xml version="1.0" encoding="UTF-8"?>
<!-- Generated by org.testng.reporters.JUnitReportReporter -->
<testsuite hostname="DESKTOP-3SNRJKF" failures="0" tests="2" name="Testcases.ResultsPageTest" time="6.131" errors="0" timestamp="2022-09-19T15:13:30 IST" skipped="0">
  <testcase classname="Testcases.ResultsPageTest" name="checkPriceTest" time="0.118"/>
  <system-out/>
  <testcase classname="Testcases.ResultsPageTest" name="openProductPageTest" time="6.013"/>
  <system-out/>
</testsuite> <!-- Testcases.ResultsPageTest -->
