<?xml version="1.0" encoding="UTF-8"?>
<!-- Generated by org.testng.reporters.JUnitReportReporter -->
<testsuite hostname="DESKTOP-3SNRJKF" failures="0" tests="2" name="Testcases.HomePageTest" time="8.695" errors="0" timestamp="2022-09-19T15:13:30 IST" skipped="0">
  <testcase classname="Testcases.HomePageTest" name="checkSelectTextTest" time="5.427"/>
  <system-out/>
  <testcase classname="Testcases.HomePageTest" name="enterItemNameTest" time="3.268"/>
  <system-out/>
</testsuite> <!-- Testcases.HomePageTest -->
