<?xml version="1.0" encoding="UTF-8"?>
<!-- Generated by org.testng.reporters.JUnitReportReporter -->
<testsuite hostname="DESKTOP-3SNRJKF" failures="0" tests="2" name="Testcases.HomePageTest" time="5.402" errors="0" timestamp="2022-09-15T20:12:13 IST" skipped="0">
  <testcase classname="Testcases.HomePageTest" name="getLinkHeadersTest" time="3.208"/>
  <system-out/>
  <testcase classname="Testcases.HomePageTest" name="enterItemNameTest" time="2.194"/>
  <system-out/>
</testsuite> <!-- Testcases.HomePageTest -->
