<?xml version="1.0" encoding="UTF-8"?>
<!-- Generated by org.testng.reporters.JUnitReportReporter -->
<testsuite hostname="DESKTOP-3SNRJKF" failures="0" tests="2" name="Testcases.ResultsPageTest" time="6.184" errors="0" timestamp="2022-09-15T20:23:52 IST" skipped="0">
  <testcase classname="Testcases.ResultsPageTest" name="getLinkHeadersTest" time="0.549"/>
  <system-out/>
  <testcase classname="Testcases.ResultsPageTest" name="openProductPageTest" time="5.635"/>
  <system-out/>
</testsuite> <!-- Testcases.ResultsPageTest -->
